2024-12-11 09:41:00,493 -  nornir.core -     INFO -        run() - Running task 'identify_switch_type' with args {} on 125 hosts
2024-12-11 09:41:02,439 -       nornir -     INFO - identify_switch_type() - AA-02-R1-SW1 is an HPE switch
2024-12-11 09:41:02,871 -       nornir -     INFO - identify_switch_type() - AA-02-R1-Cisco-ASW is an HPE switch
2024-12-11 09:41:02,892 -       nornir -     INFO - identify_switch_type() - AA-01-R3-Cisco-Fsw is an unknown switch type
2024-12-11 09:41:04,741 -       nornir -     INFO - identify_switch_type() - AA-03-R1-Cisco-Fsw is an unknown switch type
2024-12-11 09:41:06,819 -       nornir -    ERROR - identify_switch_type() - Failed to identify switch type for AA-02-R2-ASW: Authentication to device failed.

Common causes of this problem are:
1. Invalid username and password
2. Incorrect SSH-key file
3. Connecting to the wrong device

Device settings: cisco_ios 192.168.100.5:22


Authentication failed.
2024-12-11 09:41:06,844 -       nornir -    ERROR - identify_switch_type() - Failed to identify switch type for AA-02-R1-ASW: Authentication to device failed.

Common causes of this problem are:
1. Invalid username and password
2. Incorrect SSH-key file
3. Connecting to the wrong device

Device settings: cisco_ios 192.168.100.4:22


Authentication failed.
2024-12-11 09:41:08,694 -       nornir -     INFO - identify_switch_type() - AA-04-R3-Cisco-Fsw is an unknown switch type
2024-12-11 09:41:11,380 -       nornir -    ERROR - identify_switch_type() - Failed to identify switch type for AA-01-Steel-Sw1: 

Pattern not detected: 'terminal width 511' in output.

Things you might try to fix this:
1. Adjust the regex pattern to better identify the terminating string. Note, in
many situations the pattern is automatically based on the network device's prompt.
2. Increase the read_timeout to a larger value.

You can also look at the Netmiko session_log or debug log for more information.


2024-12-11 09:41:11,381 -       nornir -    ERROR - identify_switch_type() - Failed to identify switch type for AA-02-Steel-PoESw: 

Pattern not detected: 'terminal width 511' in output.

Things you might try to fix this:
1. Adjust the regex pattern to better identify the terminating string. Note, in
many situations the pattern is automatically based on the network device's prompt.
2. Increase the read_timeout to a larger value.

You can also look at the Netmiko session_log or debug log for more information.


2024-12-11 09:41:11,383 -       nornir -    ERROR - identify_switch_type() - Failed to identify switch type for AA-02-Steel-Sw1: 

Pattern not detected: 'terminal width 511' in output.

Things you might try to fix this:
1. Adjust the regex pattern to better identify the terminating string. Note, in
many situations the pattern is automatically based on the network device's prompt.
2. Increase the read_timeout to a larger value.

You can also look at the Netmiko session_log or debug log for more information.


2024-12-11 09:41:11,392 -       nornir -    ERROR - identify_switch_type() - Failed to identify switch type for AA-02-R3-DIRsw: 

Pattern not detected: 'terminal width 511' in output.

Things you might try to fix this:
1. Adjust the regex pattern to better identify the terminating string. Note, in
many situations the pattern is automatically based on the network device's prompt.
2. Increase the read_timeout to a larger value.

You can also look at the Netmiko session_log or debug log for more information.


2024-12-11 09:41:12,643 -       nornir -    ERROR - identify_switch_type() - Failed to identify switch type for AA-01-Steel-PoESw: 

Pattern not detected: 'terminal width 511' in output.

Things you might try to fix this:
1. Adjust the regex pattern to better identify the terminating string. Note, in
many situations the pattern is automatically based on the network device's prompt.
2. Increase the read_timeout to a larger value.

You can also look at the Netmiko session_log or debug log for more information.


2024-12-11 09:41:13,297 -       nornir -    ERROR - identify_switch_type() - Failed to identify switch type for AA-02-Steel-Sw2: 

Pattern not detected: 'terminal width 511' in output.

Things you might try to fix this:
1. Adjust the regex pattern to better identify the terminating string. Note, in
many situations the pattern is automatically based on the network device's prompt.
2. Increase the read_timeout to a larger value.

You can also look at the Netmiko session_log or debug log for more information.


2024-12-11 09:41:13,429 -       nornir -     INFO - identify_switch_type() - AA-05-R3-Cisco-Fsw is an unknown switch type
2024-12-11 09:41:13,779 -       nornir -    ERROR - identify_switch_type() - Failed to identify switch type for AA-03-Steel-PoESw: 

Pattern not detected: 'terminal width 511' in output.

Things you might try to fix this:
1. Adjust the regex pattern to better identify the terminating string. Note, in
many situations the pattern is automatically based on the network device's prompt.
2. Increase the read_timeout to a larger value.

You can also look at the Netmiko session_log or debug log for more information.


2024-12-11 09:41:15,590 -       nornir -    ERROR - identify_switch_type() - Failed to identify switch type for AA-03-Steel-Sw1: 

Pattern not detected: 'terminal width 511' in output.

Things you might try to fix this:
1. Adjust the regex pattern to better identify the terminating string. Note, in
many situations the pattern is automatically based on the network device's prompt.
2. Increase the read_timeout to a larger value.

You can also look at the Netmiko session_log or debug log for more information.


2024-12-11 09:41:16,088 -       nornir -     INFO - identify_switch_type() - AA-06-R2-ASW is an HPE switch
2024-12-11 09:41:17,465 -       nornir -     INFO - identify_switch_type() - AA-06-R3-Cisco-Fsw is an unknown switch type
2024-12-11 09:41:17,691 -       nornir -    ERROR - identify_switch_type() - Failed to identify switch type for AA-04-Steel-PoESw: 

Pattern not detected: 'terminal width 511' in output.

Things you might try to fix this:
1. Adjust the regex pattern to better identify the terminating string. Note, in
many situations the pattern is automatically based on the network device's prompt.
2. Increase the read_timeout to a larger value.

You can also look at the Netmiko session_log or debug log for more information.


2024-12-11 09:41:17,719 -       nornir -     INFO - identify_switch_type() - AA-07-R3-Cisco-Fsw is an unknown switch type
2024-12-11 09:41:18,481 -       nornir -    ERROR - identify_switch_type() - Failed to identify switch type for AC-R1-01-ASW: Authentication to device failed.

Common causes of this problem are:
1. Invalid username and password
2. Incorrect SSH-key file
3. Connecting to the wrong device

Device settings: cisco_ios 192.168.200.11:22


Authentication failed.
2024-12-11 09:41:19,164 -       nornir -     INFO - identify_switch_type() - AC-Dist SW is a Cisco switch
2024-12-11 09:41:19,488 -       nornir -     INFO - identify_switch_type() - AA-dist sw is an HPE switch
2024-12-11 09:41:20,311 -       nornir -    ERROR - identify_switch_type() - Failed to identify switch type for AA-04-Steel-Sw1: 

Pattern not detected: 'terminal width 511' in output.

Things you might try to fix this:
1. Adjust the regex pattern to better identify the terminating string. Note, in
many situations the pattern is automatically based on the network device's prompt.
2. Increase the read_timeout to a larger value.

You can also look at the Netmiko session_log or debug log for more information.


2024-12-11 09:41:22,248 -       nornir -    ERROR - identify_switch_type() - Failed to identify switch type for AA-05-R1-HP-POE: 

Pattern not detected: 'terminal width 511' in output.

Things you might try to fix this:
1. Adjust the regex pattern to better identify the terminating string. Note, in
many situations the pattern is automatically based on the network device's prompt.
2. Increase the read_timeout to a larger value.

You can also look at the Netmiko session_log or debug log for more information.


2024-12-11 09:41:22,257 -       nornir -    ERROR - identify_switch_type() - Failed to identify switch type for AA-04-Steel-Sw2: 

Pattern not detected: 'terminal width 511' in output.

Things you might try to fix this:
1. Adjust the regex pattern to better identify the terminating string. Note, in
many situations the pattern is automatically based on the network device's prompt.
2. Increase the read_timeout to a larger value.

You can also look at the Netmiko session_log or debug log for more information.


2024-12-11 09:41:23,489 -       nornir -    ERROR - identify_switch_type() - Failed to identify switch type for AA-05-Steel-PoESw: 

Pattern not detected: 'terminal width 511' in output.

Things you might try to fix this:
1. Adjust the regex pattern to better identify the terminating string. Note, in
many situations the pattern is automatically based on the network device's prompt.
2. Increase the read_timeout to a larger value.

You can also look at the Netmiko session_log or debug log for more information.


2024-12-11 09:41:24,145 -       nornir -    ERROR - identify_switch_type() - Failed to identify switch type for AA-05-Steel-Sw1: 

Pattern not detected: 'terminal width 511' in output.

Things you might try to fix this:
1. Adjust the regex pattern to better identify the terminating string. Note, in
many situations the pattern is automatically based on the network device's prompt.
2. Increase the read_timeout to a larger value.

You can also look at the Netmiko session_log or debug log for more information.


2024-12-11 09:41:24,732 -       nornir -    ERROR - identify_switch_type() - Failed to identify switch type for AA-06-R2-HP-POE: 

Pattern not detected: 'terminal width 511' in output.

Things you might try to fix this:
1. Adjust the regex pattern to better identify the terminating string. Note, in
many situations the pattern is automatically based on the network device's prompt.
2. Increase the read_timeout to a larger value.

You can also look at the Netmiko session_log or debug log for more information.


2024-12-11 09:41:29,632 -       nornir -    ERROR - identify_switch_type() - Failed to identify switch type for AC-R1-01-PoE1: 

Pattern not detected: 'terminal width 511' in output.

Things you might try to fix this:
1. Adjust the regex pattern to better identify the terminating string. Note, in
many situations the pattern is automatically based on the network device's prompt.
2. Increase the read_timeout to a larger value.

You can also look at the Netmiko session_log or debug log for more information.


2024-12-11 09:41:30,270 -       nornir -    ERROR - identify_switch_type() - Failed to identify switch type for AC-R1-01-PoE2: 

Pattern not detected: 'terminal width 511' in output.

Things you might try to fix this:
1. Adjust the regex pattern to better identify the terminating string. Note, in
many situations the pattern is automatically based on the network device's prompt.
2. Increase the read_timeout to a larger value.

You can also look at the Netmiko session_log or debug log for more information.


2024-12-11 09:41:30,344 -       nornir -    ERROR - identify_switch_type() - Failed to identify switch type for AC-R1-01-PoE3: 

Pattern not detected: 'terminal width 511' in output.

Things you might try to fix this:
1. Adjust the regex pattern to better identify the terminating string. Note, in
many situations the pattern is automatically based on the network device's prompt.
2. Increase the read_timeout to a larger value.

You can also look at the Netmiko session_log or debug log for more information.


2024-12-11 09:41:31,156 -       nornir -    ERROR - identify_switch_type() - Failed to identify switch type for AC-R1-04-ASw1: 

Pattern not detected: 'terminal width 511' in output.

Things you might try to fix this:
1. Adjust the regex pattern to better identify the terminating string. Note, in
many situations the pattern is automatically based on the network device's prompt.
2. Increase the read_timeout to a larger value.

You can also look at the Netmiko session_log or debug log for more information.


2024-12-11 09:41:31,905 -       nornir -     INFO - identify_switch_type() - AA-05-R1-ASW is an HPE switch
2024-12-11 09:41:33,113 -       nornir -    ERROR - identify_switch_type() - Failed to identify switch type for AC-R1-05-ASw1: 

Pattern not detected: 'terminal width 511' in output.

Things you might try to fix this:
1. Adjust the regex pattern to better identify the terminating string. Note, in
many situations the pattern is automatically based on the network device's prompt.
2. Increase the read_timeout to a larger value.

You can also look at the Netmiko session_log or debug log for more information.


2024-12-11 09:41:33,371 -       nornir -    ERROR - identify_switch_type() - Failed to identify switch type for AC-R1-04-PoE: 

Pattern not detected: 'terminal width 511' in output.

Things you might try to fix this:
1. Adjust the regex pattern to better identify the terminating string. Note, in
many situations the pattern is automatically based on the network device's prompt.
2. Increase the read_timeout to a larger value.

You can also look at the Netmiko session_log or debug log for more information.


2024-12-11 09:41:34,343 -       nornir -    ERROR - identify_switch_type() - Failed to identify switch type for AC-R1-06-ASw1: 

Pattern not detected: 'terminal width 511' in output.

Things you might try to fix this:
1. Adjust the regex pattern to better identify the terminating string. Note, in
many situations the pattern is automatically based on the network device's prompt.
2. Increase the read_timeout to a larger value.

You can also look at the Netmiko session_log or debug log for more information.


2024-12-11 09:41:36,026 -       nornir -    ERROR - identify_switch_type() - Failed to identify switch type for AC-R1-06-PoE: 

Pattern not detected: 'terminal width 511' in output.

Things you might try to fix this:
1. Adjust the regex pattern to better identify the terminating string. Note, in
many situations the pattern is automatically based on the network device's prompt.
2. Increase the read_timeout to a larger value.

You can also look at the Netmiko session_log or debug log for more information.


2024-12-11 09:41:36,178 -       nornir -    ERROR - identify_switch_type() - Failed to identify switch type for AC-R1-07-ASw1: 

Pattern not detected: 'terminal width 511' in output.

Things you might try to fix this:
1. Adjust the regex pattern to better identify the terminating string. Note, in
many situations the pattern is automatically based on the network device's prompt.
2. Increase the read_timeout to a larger value.

You can also look at the Netmiko session_log or debug log for more information.


2024-12-11 09:41:38,334 -       nornir -     INFO - identify_switch_type() - Acad-B-Distribution is an HPE switch
2024-12-11 09:41:40,754 -       nornir -    ERROR - identify_switch_type() - Failed to identify switch type for AC-R1-07-PoE: 

Pattern not detected: 'terminal width 511' in output.

Things you might try to fix this:
1. Adjust the regex pattern to better identify the terminating string. Note, in
many situations the pattern is automatically based on the network device's prompt.
2. Increase the read_timeout to a larger value.

You can also look at the Netmiko session_log or debug log for more information.


2024-12-11 09:41:41,125 -       nornir -    ERROR - identify_switch_type() - Failed to identify switch type for AC-R2-04-ASw1: 

Pattern not detected: 'terminal width 511' in output.

Things you might try to fix this:
1. Adjust the regex pattern to better identify the terminating string. Note, in
many situations the pattern is automatically based on the network device's prompt.
2. Increase the read_timeout to a larger value.

You can also look at the Netmiko session_log or debug log for more information.


2024-12-11 09:41:42,016 -       nornir -    ERROR - identify_switch_type() - Failed to identify switch type for AC-R2-05-ASw1: 

Pattern not detected: 'terminal width 511' in output.

Things you might try to fix this:
1. Adjust the regex pattern to better identify the terminating string. Note, in
many situations the pattern is automatically based on the network device's prompt.
2. Increase the read_timeout to a larger value.

You can also look at the Netmiko session_log or debug log for more information.


2024-12-11 09:41:42,171 -       nornir -    ERROR - identify_switch_type() - Failed to identify switch type for AC-R2-04-PoE: 

Pattern not detected: 'terminal width 511' in output.

Things you might try to fix this:
1. Adjust the regex pattern to better identify the terminating string. Note, in
many situations the pattern is automatically based on the network device's prompt.
2. Increase the read_timeout to a larger value.

You can also look at the Netmiko session_log or debug log for more information.


2024-12-11 09:41:42,175 -       nornir -    ERROR - identify_switch_type() - Failed to identify switch type for BH-C-R1-00-DSW: TCP connection to device failed.

Common causes of this problem are:
1. Incorrect hostname or IP address.
2. Wrong TCP port.
3. Intermediate firewall blocking access.

Device settings: cisco_ios 192.168.100.2:22


2024-12-11 09:41:43,025 -       nornir -    ERROR - identify_switch_type() - Failed to identify switch type for AC-R2-05-PoE: 

Pattern not detected: 'terminal width 511' in output.

Things you might try to fix this:
1. Adjust the regex pattern to better identify the terminating string. Note, in
many situations the pattern is automatically based on the network device's prompt.
2. Increase the read_timeout to a larger value.

You can also look at the Netmiko session_log or debug log for more information.


2024-12-11 09:41:43,966 -       nornir -    ERROR - identify_switch_type() - Failed to identify switch type for AC-R2-06-ASw1: 

Pattern not detected: 'terminal width 511' in output.

Things you might try to fix this:
1. Adjust the regex pattern to better identify the terminating string. Note, in
many situations the pattern is automatically based on the network device's prompt.
2. Increase the read_timeout to a larger value.

You can also look at the Netmiko session_log or debug log for more information.


2024-12-11 09:41:44,417 -       nornir -    ERROR - identify_switch_type() - Failed to identify switch type for AC-R2-06-PoE: 

Pattern not detected: 'terminal width 511' in output.

Things you might try to fix this:
1. Adjust the regex pattern to better identify the terminating string. Note, in
many situations the pattern is automatically based on the network device's prompt.
2. Increase the read_timeout to a larger value.

You can also look at the Netmiko session_log or debug log for more information.


2024-12-11 09:41:45,191 -       nornir -    ERROR - identify_switch_type() - Failed to identify switch type for AC-R2-07-ASw1: 

Pattern not detected: 'terminal width 511' in output.

Things you might try to fix this:
1. Adjust the regex pattern to better identify the terminating string. Note, in
many situations the pattern is automatically based on the network device's prompt.
2. Increase the read_timeout to a larger value.

You can also look at the Netmiko session_log or debug log for more information.


2024-12-11 09:41:45,370 -       nornir -     INFO - identify_switch_type() - BHA-00-R1-ELV-SW1 is an HPE switch
2024-12-11 09:41:46,388 -       nornir -     INFO - identify_switch_type() - BHA-02-R1-ELV-SW1 is an HPE switch
2024-12-11 09:41:47,125 -       nornir -    ERROR - identify_switch_type() - Failed to identify switch type for AC-R2-07-PoE: 

Pattern not detected: 'terminal width 511' in output.

Things you might try to fix this:
1. Adjust the regex pattern to better identify the terminating string. Note, in
many situations the pattern is automatically based on the network device's prompt.
2. Increase the read_timeout to a larger value.

You can also look at the Netmiko session_log or debug log for more information.


2024-12-11 09:41:47,952 -       nornir -     INFO - identify_switch_type() - BHA-05-R1-ELV-SW1 is an HPE switch
2024-12-11 09:41:48,453 -       nornir -     INFO - identify_switch_type() - BHA-02-R2-SW1 is an HPE switch
2024-12-11 09:41:49,193 -       nornir -    ERROR - identify_switch_type() - Failed to identify switch type for Acad-B-RCC-00to03-PoE-Sw: 

Pattern not detected: 'terminal width 511' in output.

Things you might try to fix this:
1. Adjust the regex pattern to better identify the terminating string. Note, in
many situations the pattern is automatically based on the network device's prompt.
2. Increase the read_timeout to a larger value.

You can also look at the Netmiko session_log or debug log for more information.


2024-12-11 09:41:49,955 -       nornir -     INFO - identify_switch_type() - BHB-02-R1-ELV-SW1 is an HPE switch
2024-12-11 09:41:51,900 -       nornir -     INFO - identify_switch_type() - BHB-05-R2-SW1 is an HPE switch
2024-12-11 09:41:51,990 -       nornir -    ERROR - identify_switch_type() - Failed to identify switch type for Acad-B-RCC-Stack-1: 

Pattern not detected: 'terminal width 511' in output.

Things you might try to fix this:
1. Adjust the regex pattern to better identify the terminating string. Note, in
many situations the pattern is automatically based on the network device's prompt.
2. Increase the read_timeout to a larger value.

You can also look at the Netmiko session_log or debug log for more information.


2024-12-11 09:41:52,441 -       nornir -    ERROR - identify_switch_type() - Failed to identify switch type for Acad-B-RCC-04to06-PoE-Sw: 

Pattern not detected: 'terminal width 511' in output.

Things you might try to fix this:
1. Adjust the regex pattern to better identify the terminating string. Note, in
many situations the pattern is automatically based on the network device's prompt.
2. Increase the read_timeout to a larger value.

You can also look at the Netmiko session_log or debug log for more information.


2024-12-11 09:41:52,902 -       nornir -    ERROR - identify_switch_type() - Failed to identify switch type for Acad-B-RCC-Stack-3: 

Pattern not detected: 'terminal width 511' in output.

Things you might try to fix this:
1. Adjust the regex pattern to better identify the terminating string. Note, in
many situations the pattern is automatically based on the network device's prompt.
2. Increase the read_timeout to a larger value.

You can also look at the Netmiko session_log or debug log for more information.


2024-12-11 09:41:53,167 -       nornir -    ERROR - identify_switch_type() - Failed to identify switch type for BHC-05-R2-SW1: Authentication to device failed.

Common causes of this problem are:
1. Invalid username and password
2. Incorrect SSH-key file
3. Connecting to the wrong device

Device settings: cisco_ios 192.168.100.34:22


Authentication failed.
2024-12-11 09:41:55,441 -       nornir -    ERROR - identify_switch_type() - Failed to identify switch type for BHC-00-R1-ELV-SW1: Authentication to device failed.

Common causes of this problem are:
1. Invalid username and password
2. Incorrect SSH-key file
3. Connecting to the wrong device

Device settings: cisco_ios 192.168.100.31:22


Authentication failed.
2024-12-11 09:41:56,347 -       nornir -    ERROR - identify_switch_type() - Failed to identify switch type for BHC-02-R1-ELV-SW1: Authentication to device failed.

Common causes of this problem are:
1. Invalid username and password
2. Incorrect SSH-key file
3. Connecting to the wrong device

Device settings: cisco_ios 192.168.100.32:22


Authentication failed.
2024-12-11 09:41:57,957 -       nornir -    ERROR - identify_switch_type() - Failed to identify switch type for BHB-02-R2-SW1: 

Pattern not detected: 'terminal width 511' in output.

Things you might try to fix this:
1. Adjust the regex pattern to better identify the terminating string. Note, in
many situations the pattern is automatically based on the network device's prompt.
2. Increase the read_timeout to a larger value.

You can also look at the Netmiko session_log or debug log for more information.


2024-12-11 09:41:58,176 -       nornir -    ERROR - identify_switch_type() - Failed to identify switch type for BHC-02-R2-SW1: Authentication to device failed.

Common causes of this problem are:
1. Invalid username and password
2. Incorrect SSH-key file
3. Connecting to the wrong device

Device settings: cisco_ios 192.168.100.35:22


Authentication failed.
2024-12-11 09:41:58,246 -       nornir -    ERROR - identify_switch_type() - Failed to identify switch type for BHC-05-R1-ELV-SW1: Authentication to device failed.

Common causes of this problem are:
1. Invalid username and password
2. Incorrect SSH-key file
3. Connecting to the wrong device

Device settings: cisco_ios 192.168.100.33:22


Authentication failed.
2024-12-11 09:41:59,149 -       nornir -    ERROR - identify_switch_type() - Failed to identify switch type for BHD-00-R1-ELV-SW1: Authentication to device failed.

Common causes of this problem are:
1. Invalid username and password
2. Incorrect SSH-key file
3. Connecting to the wrong device

Device settings: cisco_ios 192.168.100.41:22


Authentication failed.
2024-12-11 09:41:59,461 -       nornir -    ERROR - identify_switch_type() - Failed to identify switch type for BHD-02-R1-ELV-SW1: Authentication to device failed.

Common causes of this problem are:
1. Invalid username and password
2. Incorrect SSH-key file
3. Connecting to the wrong device

Device settings: cisco_ios 192.168.100.42:22


Authentication failed.
2024-12-11 09:42:00,546 -       nornir -     INFO - identify_switch_type() - BHD-05-R2-SW1 is an HPE switch
2024-12-11 09:42:01,766 -       nornir -    ERROR - identify_switch_type() - Failed to identify switch type for BHD-02-R2-SW1: Authentication to device failed.

Common causes of this problem are:
1. Invalid username and password
2. Incorrect SSH-key file
3. Connecting to the wrong device

Device settings: cisco_ios 192.168.100.45:22


Authentication failed.
2024-12-11 09:42:02,638 -       nornir -    ERROR - identify_switch_type() - Failed to identify switch type for BHD-05-R1-ELV-SW1: Authentication to device failed.

Common causes of this problem are:
1. Invalid username and password
2. Incorrect SSH-key file
3. Connecting to the wrong device

Device settings: cisco_ios 192.168.100.43:22


Authentication failed.
2024-12-11 09:42:06,062 -       nornir -    ERROR - identify_switch_type() - Failed to identify switch type for BHA-05-R2-SW1: 

Pattern not detected: '(\\#|>)' in output.

Things you might try to fix this:
1. Adjust the regex pattern to better identify the terminating string. Note, in
many situations the pattern is automatically based on the network device's prompt.
2. Increase the read_timeout to a larger value.

You can also look at the Netmiko session_log or debug log for more information.


2024-12-11 09:42:06,179 -       nornir -    ERROR - identify_switch_type() - Failed to identify switch type for BHB-00-R1-ELV-SW1: 

Pattern not detected: '(\\#|>)' in output.

Things you might try to fix this:
1. Adjust the regex pattern to better identify the terminating string. Note, in
many situations the pattern is automatically based on the network device's prompt.
2. Increase the read_timeout to a larger value.

You can also look at the Netmiko session_log or debug log for more information.


2024-12-11 09:42:06,798 -       nornir -    ERROR - identify_switch_type() - Failed to identify switch type for BHF-00-R1-ELV-SW1: Authentication to device failed.

Common causes of this problem are:
1. Invalid username and password
2. Incorrect SSH-key file
3. Connecting to the wrong device

Device settings: cisco_ios 192.168.100.61:22


Authentication failed.
2024-12-11 09:42:08,034 -       nornir -    ERROR - identify_switch_type() - Failed to identify switch type for BHF-02-R1-ELV-SW1: Authentication to device failed.

Common causes of this problem are:
1. Invalid username and password
2. Incorrect SSH-key file
3. Connecting to the wrong device

Device settings: cisco_ios 192.168.100.62:22


Authentication failed.
2024-12-11 09:42:08,641 -       nornir -     INFO - identify_switch_type() - BHG-00-R1-ELV-SW1 is an HPE switch
2024-12-11 09:42:08,856 -       nornir -    ERROR - identify_switch_type() - Failed to identify switch type for BHB-05-R1-ELV-SW1: 

Pattern not detected: '(\\#|>)' in output.

Things you might try to fix this:
1. Adjust the regex pattern to better identify the terminating string. Note, in
many situations the pattern is automatically based on the network device's prompt.
2. Increase the read_timeout to a larger value.

You can also look at the Netmiko session_log or debug log for more information.


2024-12-11 09:42:08,917 -       nornir -    ERROR - identify_switch_type() - Failed to identify switch type for BHF-02-R2-SW1: Authentication to device failed.

Common causes of this problem are:
1. Invalid username and password
2. Incorrect SSH-key file
3. Connecting to the wrong device

Device settings: cisco_ios 192.168.100.65:22


Authentication failed.
2024-12-11 09:42:09,020 -       nornir -    ERROR - identify_switch_type() - Failed to identify switch type for BHE-00-R1-ELV-SW1: 

Pattern not detected: 'terminal width 511' in output.

Things you might try to fix this:
1. Adjust the regex pattern to better identify the terminating string. Note, in
many situations the pattern is automatically based on the network device's prompt.
2. Increase the read_timeout to a larger value.

You can also look at the Netmiko session_log or debug log for more information.


2024-12-11 09:42:09,108 -       nornir -    ERROR - identify_switch_type() - Failed to identify switch type for BHE-02-R1-ELV-SW1: 

Pattern not detected: 'terminal width 511' in output.

Things you might try to fix this:
1. Adjust the regex pattern to better identify the terminating string. Note, in
many situations the pattern is automatically based on the network device's prompt.
2. Increase the read_timeout to a larger value.

You can also look at the Netmiko session_log or debug log for more information.


2024-12-11 09:42:09,161 -       nornir -    ERROR - identify_switch_type() - Failed to identify switch type for BHE-02-R2-SW1: TCP connection to device failed.

Common causes of this problem are:
1. Incorrect hostname or IP address.
2. Wrong TCP port.
3. Intermediate firewall blocking access.

Device settings: cisco_ios 192.168.100.55:22


2024-12-11 09:42:10,100 -       nornir -     INFO - identify_switch_type() - BHG-02-R1-ELV-SW1 is an HPE switch
2024-12-11 09:42:10,291 -       nornir -    ERROR - identify_switch_type() - Failed to identify switch type for BHE-05-R1-ELV-SW1: 

Pattern not detected: 'terminal width 511' in output.

Things you might try to fix this:
1. Adjust the regex pattern to better identify the terminating string. Note, in
many situations the pattern is automatically based on the network device's prompt.
2. Increase the read_timeout to a larger value.

You can also look at the Netmiko session_log or debug log for more information.


2024-12-11 09:42:10,812 -       nornir -     INFO - identify_switch_type() - BHG-05-R1-ELV-SW1 is an HPE switch
2024-12-11 09:42:10,916 -       nornir -     INFO - identify_switch_type() - BHG-02-R2-SW1 is an HPE switch
2024-12-11 09:42:10,927 -       nornir -     INFO - identify_switch_type() - BHG-05-R2-SW1 is an HPE switch
2024-12-11 09:42:11,165 -       nornir -     INFO - identify_switch_type() - BHH-02-R2-SW1 is an HPE switch
2024-12-11 09:42:11,363 -       nornir -     INFO - identify_switch_type() - BHH-00-R1-ELV-SW1 is an HPE switch
2024-12-11 09:42:11,401 -       nornir -    ERROR - identify_switch_type() - Failed to identify switch type for Estate office: Authentication to device failed.

Common causes of this problem are:
1. Invalid username and password
2. Incorrect SSH-key file
3. Connecting to the wrong device

Device settings: cisco_ios 192.168.9.52:22


Bad authentication type; allowed types: ['']
2024-12-11 09:42:11,946 -       nornir -    ERROR - identify_switch_type() - Failed to identify switch type for CMD-SW2: Authentication to device failed.

Common causes of this problem are:
1. Invalid username and password
2. Incorrect SSH-key file
3. Connecting to the wrong device

Device settings: cisco_ios 192.168.100.242:22


Bad authentication type; allowed types: ['']
2024-12-11 09:42:12,370 -       nornir -    ERROR - identify_switch_type() - Failed to identify switch type for BHF-05-R1-ELV-SW1: Authentication to device failed.

Common causes of this problem are:
1. Invalid username and password
2. Incorrect SSH-key file
3. Connecting to the wrong device

Device settings: cisco_ios 192.168.100.63:22


Authentication failed.
2024-12-11 09:42:12,427 -       nornir -     INFO - identify_switch_type() - BHH-05-R2-SW1 is an HPE switch
2024-12-11 09:42:12,509 -       nornir -    ERROR - identify_switch_type() - Failed to identify switch type for BHF-05-R2-SW1: Authentication to device failed.

Common causes of this problem are:
1. Invalid username and password
2. Incorrect SSH-key file
3. Connecting to the wrong device

Device settings: cisco_ios 192.168.100.64:22


Authentication failed.
2024-12-11 09:42:13,285 -       nornir -     INFO - identify_switch_type() - BHH-05-R1-ELV-SW1 is an HPE switch
2024-12-11 09:42:19,955 -       nornir -    ERROR - identify_switch_type() - Failed to identify switch type for BHH-02-R1-ELV-SW1: 

Pattern not detected: 'terminal width 511' in output.

Things you might try to fix this:
1. Adjust the regex pattern to better identify the terminating string. Note, in
many situations the pattern is automatically based on the network device's prompt.
2. Increase the read_timeout to a larger value.

You can also look at the Netmiko session_log or debug log for more information.


2024-12-11 09:42:21,700 -       nornir -    ERROR - identify_switch_type() - Failed to identify switch type for CMD-SW1: 

Pattern not detected: 'terminal width 511' in output.

Things you might try to fix this:
1. Adjust the regex pattern to better identify the terminating string. Note, in
many situations the pattern is automatically based on the network device's prompt.
2. Increase the read_timeout to a larger value.

You can also look at the Netmiko session_log or debug log for more information.


2024-12-11 09:42:21,811 -       nornir -    ERROR - identify_switch_type() - Failed to identify switch type for Dining hall-GF: 

Pattern not detected: 'terminal width 511' in output.

Things you might try to fix this:
1. Adjust the regex pattern to better identify the terminating string. Note, in
many situations the pattern is automatically based on the network device's prompt.
2. Increase the read_timeout to a larger value.

You can also look at the Netmiko session_log or debug log for more information.


2024-12-11 09:42:22,228 -       nornir -    ERROR - identify_switch_type() - Failed to identify switch type for FT1-14F: 

Pattern not detected: 'terminal width 511' in output.

Things you might try to fix this:
1. Adjust the regex pattern to better identify the terminating string. Note, in
many situations the pattern is automatically based on the network device's prompt.
2. Increase the read_timeout to a larger value.

You can also look at the Netmiko session_log or debug log for more information.


2024-12-11 09:42:22,292 -       nornir -    ERROR - identify_switch_type() - Failed to identify switch type for FT1-3F: 

Pattern not detected: 'terminal width 511' in output.

Things you might try to fix this:
1. Adjust the regex pattern to better identify the terminating string. Note, in
many situations the pattern is automatically based on the network device's prompt.
2. Increase the read_timeout to a larger value.

You can also look at the Netmiko session_log or debug log for more information.


2024-12-11 09:42:23,232 -       nornir -    ERROR - identify_switch_type() - Failed to identify switch type for FT2-14F: 

Pattern not detected: 'terminal width 511' in output.

Things you might try to fix this:
1. Adjust the regex pattern to better identify the terminating string. Note, in
many situations the pattern is automatically based on the network device's prompt.
2. Increase the read_timeout to a larger value.

You can also look at the Netmiko session_log or debug log for more information.


2024-12-11 09:42:23,286 -       nornir -    ERROR - identify_switch_type() - Failed to identify switch type for FT2-3F: 

Pattern not detected: 'terminal width 511' in output.

Things you might try to fix this:
1. Adjust the regex pattern to better identify the terminating string. Note, in
many situations the pattern is automatically based on the network device's prompt.
2. Increase the read_timeout to a larger value.

You can also look at the Netmiko session_log or debug log for more information.


2024-12-11 09:42:23,346 -       nornir -    ERROR - identify_switch_type() - Failed to identify switch type for FT2-8F: 

Pattern not detected: 'terminal width 511' in output.

Things you might try to fix this:
1. Adjust the regex pattern to better identify the terminating string. Note, in
many situations the pattern is automatically based on the network device's prompt.
2. Increase the read_timeout to a larger value.

You can also look at the Netmiko session_log or debug log for more information.


2024-12-11 09:42:24,144 -       nornir -    ERROR - identify_switch_type() - Failed to identify switch type for FT3-14F: 

Pattern not detected: 'terminal width 511' in output.

Things you might try to fix this:
1. Adjust the regex pattern to better identify the terminating string. Note, in
many situations the pattern is automatically based on the network device's prompt.
2. Increase the read_timeout to a larger value.

You can also look at the Netmiko session_log or debug log for more information.


2024-12-11 09:42:24,150 -       nornir -    ERROR - identify_switch_type() - Failed to identify switch type for FT1-8F: 

Pattern not detected: 'terminal width 511' in output.

Things you might try to fix this:
1. Adjust the regex pattern to better identify the terminating string. Note, in
many situations the pattern is automatically based on the network device's prompt.
2. Increase the read_timeout to a larger value.

You can also look at the Netmiko session_log or debug log for more information.


2024-12-11 09:42:30,814 -       nornir -    ERROR - identify_switch_type() - Failed to identify switch type for FT3-3F: 

Pattern not detected: 'terminal width 511' in output.

Things you might try to fix this:
1. Adjust the regex pattern to better identify the terminating string. Note, in
many situations the pattern is automatically based on the network device's prompt.
2. Increase the read_timeout to a larger value.

You can also look at the Netmiko session_log or debug log for more information.


2024-12-11 09:42:32,566 -       nornir -    ERROR - identify_switch_type() - Failed to identify switch type for FT3-8F: 

Pattern not detected: 'terminal width 511' in output.

Things you might try to fix this:
1. Adjust the regex pattern to better identify the terminating string. Note, in
many situations the pattern is automatically based on the network device's prompt.
2. Increase the read_timeout to a larger value.

You can also look at the Netmiko session_log or debug log for more information.


2024-12-11 09:42:32,670 -       nornir -    ERROR - identify_switch_type() - Failed to identify switch type for FT4/Clinic ?: 

Pattern not detected: 'terminal width 511' in output.

Things you might try to fix this:
1. Adjust the regex pattern to better identify the terminating string. Note, in
many situations the pattern is automatically based on the network device's prompt.
2. Increase the read_timeout to a larger value.

You can also look at the Netmiko session_log or debug log for more information.


2024-12-11 09:42:33,070 -       nornir -    ERROR - identify_switch_type() - Failed to identify switch type for PCH-A-02-SW1: 

Pattern not detected: 'terminal width 511' in output.

Things you might try to fix this:
1. Adjust the regex pattern to better identify the terminating string. Note, in
many situations the pattern is automatically based on the network device's prompt.
2. Increase the read_timeout to a larger value.

You can also look at the Netmiko session_log or debug log for more information.


2024-12-11 09:42:33,138 -       nornir -    ERROR - identify_switch_type() - Failed to identify switch type for PCH-A-02-SW2: 

Pattern not detected: 'terminal width 511' in output.

Things you might try to fix this:
1. Adjust the regex pattern to better identify the terminating string. Note, in
many situations the pattern is automatically based on the network device's prompt.
2. Increase the read_timeout to a larger value.

You can also look at the Netmiko session_log or debug log for more information.


2024-12-11 09:42:33,307 -       nornir -    ERROR - identify_switch_type() - Failed to identify switch type for Pranet Lab SDN: Authentication to device failed.

Common causes of this problem are:
1. Invalid username and password
2. Incorrect SSH-key file
3. Connecting to the wrong device

Device settings: cisco_ios 192.168.9.53:22


Authentication failed.
2024-12-11 09:42:33,373 -       nornir -    ERROR - identify_switch_type() - Failed to identify switch type for PCH-B-02-SW1: TCP connection to device failed.

Common causes of this problem are:
1. Incorrect hostname or IP address.
2. Wrong TCP port.
3. Intermediate firewall blocking access.

Device settings: cisco_ios 192.168.9.25:22


2024-12-11 09:42:34,083 -       nornir -    ERROR - identify_switch_type() - Failed to identify switch type for PCH-A-05-SW1: 

Pattern not detected: 'terminal width 511' in output.

Things you might try to fix this:
1. Adjust the regex pattern to better identify the terminating string. Note, in
many situations the pattern is automatically based on the network device's prompt.
2. Increase the read_timeout to a larger value.

You can also look at the Netmiko session_log or debug log for more information.


2024-12-11 09:42:34,124 -       nornir -    ERROR - identify_switch_type() - Failed to identify switch type for PCH-A-05-SW2: 

Pattern not detected: 'terminal width 511' in output.

Things you might try to fix this:
1. Adjust the regex pattern to better identify the terminating string. Note, in
many situations the pattern is automatically based on the network device's prompt.
2. Increase the read_timeout to a larger value.

You can also look at the Netmiko session_log or debug log for more information.


2024-12-11 09:42:34,153 -       nornir -    ERROR - identify_switch_type() - Failed to identify switch type for PCH-B-02-SW2: TCP connection to device failed.

Common causes of this problem are:
1. Incorrect hostname or IP address.
2. Wrong TCP port.
3. Intermediate firewall blocking access.

Device settings: cisco_ios 192.168.9.26:22


2024-12-11 09:42:34,161 -       nornir -    ERROR - identify_switch_type() - Failed to identify switch type for PCH-B-05-SW1: TCP connection to device failed.

Common causes of this problem are:
1. Incorrect hostname or IP address.
2. Wrong TCP port.
3. Intermediate firewall blocking access.

Device settings: cisco_ios 192.168.9.27:22


2024-12-11 09:42:34,421 -       nornir -    ERROR - identify_switch_type() - Failed to identify switch type for Workshop_2A_AP: Authentication to device failed.

Common causes of this problem are:
1. Invalid username and password
2. Incorrect SSH-key file
3. Connecting to the wrong device

Device settings: cisco_ios 192.168.201.28:22


Authentication failed.
2024-12-11 09:42:34,576 -       nornir -     INFO - identify_switch_type() - Pranet Lab cisco is an unknown switch type
2024-12-11 09:42:36,000 -       nornir -    ERROR - identify_switch_type() - Failed to identify switch type for Shed_lab_2: Authentication to device failed.

Common causes of this problem are:
1. Invalid username and password
2. Incorrect SSH-key file
3. Connecting to the wrong device

Device settings: cisco_ios 192.168.200.25:22


Bad authentication type; allowed types: ['']
2024-12-11 09:42:37,696 -       nornir -     INFO - identify_switch_type() - Shed_lab_1 is an unknown switch type
2024-12-11 09:42:40,826 -       nornir -    ERROR - identify_switch_type() - Failed to identify switch type for PCH-B-05-SW2: TCP connection to device failed.

Common causes of this problem are:
1. Incorrect hostname or IP address.
2. Wrong TCP port.
3. Intermediate firewall blocking access.

Device settings: cisco_ios 192.168.9.28:22


2024-12-11 09:42:43,926 -       nornir -    ERROR - identify_switch_type() - Failed to identify switch type for ST1-14F: 

Pattern not detected: 'terminal width 511' in output.

Things you might try to fix this:
1. Adjust the regex pattern to better identify the terminating string. Note, in
many situations the pattern is automatically based on the network device's prompt.
2. Increase the read_timeout to a larger value.

You can also look at the Netmiko session_log or debug log for more information.


2024-12-11 09:42:43,977 -       nornir -    ERROR - identify_switch_type() - Failed to identify switch type for ST1-3F: 

Pattern not detected: 'terminal width 511' in output.

Things you might try to fix this:
1. Adjust the regex pattern to better identify the terminating string. Note, in
many situations the pattern is automatically based on the network device's prompt.
2. Increase the read_timeout to a larger value.

You can also look at the Netmiko session_log or debug log for more information.


2024-12-11 09:42:44,171 -       nornir -    ERROR - identify_switch_type() - Failed to identify switch type for ST1-8F: 

Pattern not detected: 'terminal width 511' in output.

Things you might try to fix this:
1. Adjust the regex pattern to better identify the terminating string. Note, in
many situations the pattern is automatically based on the network device's prompt.
2. Increase the read_timeout to a larger value.

You can also look at the Netmiko session_log or debug log for more information.


2024-12-11 09:42:44,214 -       nornir -    ERROR - identify_switch_type() - Failed to identify switch type for ST2-3F: 

Pattern not detected: 'terminal width 511' in output.

Things you might try to fix this:
1. Adjust the regex pattern to better identify the terminating string. Note, in
many situations the pattern is automatically based on the network device's prompt.
2. Increase the read_timeout to a larger value.

You can also look at the Netmiko session_log or debug log for more information.


2024-12-11 09:42:44,918 -       nornir -    ERROR - identify_switch_type() - Failed to identify switch type for ST2-8F: 

Pattern not detected: 'terminal width 511' in output.

Things you might try to fix this:
1. Adjust the regex pattern to better identify the terminating string. Note, in
many situations the pattern is automatically based on the network device's prompt.
2. Increase the read_timeout to a larger value.

You can also look at the Netmiko session_log or debug log for more information.


