2024-12-06 12:34:17,223 -  nornir.core -     INFO -        run() - Running task 'check_reachability' with args {} on 144 hosts
2024-12-06 12:35:26,161 -  nornir.core -     INFO -        run() - Running task 'check_reachability' with args {} on 144 hosts
2024-12-06 15:34:09,544 -  nornir.core -     INFO -        run() - Running task 'check_reachability' with args {} on 144 hosts
2024-12-06 16:46:47,096 -  nornir.core -     INFO -        run() - Running task 'identify_device_type' with args {} on 2 hosts
2024-12-06 16:46:47 - paramiko.transport - DEBUG - starting thread (client mode): 0xb1e6f710
2024-12-06 16:46:47 - paramiko.transport - DEBUG - starting thread (client mode): 0xb207b510
2024-12-06 16:46:47 - paramiko.transport - DEBUG - Local version/idstring: SSH-2.0-paramiko_2.12.0
2024-12-06 16:46:47 - paramiko.transport - DEBUG - Local version/idstring: SSH-2.0-paramiko_2.12.0
2024-12-06 16:46:47 - paramiko.transport - DEBUG - Remote version/idstring: SSH-2.0-OpenSSH_5.9p1.RL
2024-12-06 16:46:47 - paramiko.transport - INFO - Connected (version 2.0, client OpenSSH_5.9p1.RL)
2024-12-06 16:46:47 - paramiko.transport - DEBUG - Remote version/idstring: SSH-1.99-Comware-7.1.045
2024-12-06 16:46:47 - paramiko.transport - INFO - Connected (version 1.99, client Comware-7.1.045)
2024-12-06 16:46:47 - paramiko.transport - DEBUG - === Key exchange possibilities ===
2024-12-06 16:46:47 - paramiko.transport - DEBUG - kex algos: diffie-hellman-group-exchange-sha1, diffie-hellman-group1-sha1
2024-12-06 16:46:47 - paramiko.transport - DEBUG - server key: ssh-rsa, ssh-dss
2024-12-06 16:46:47 - paramiko.transport - DEBUG - client encrypt: aes128-cbc, 3des-cbc, arcfour, aes192-cbc, aes256-cbc
2024-12-06 16:46:47 - paramiko.transport - DEBUG - server encrypt: aes128-cbc, 3des-cbc, arcfour, aes192-cbc, aes256-cbc
2024-12-06 16:46:47 - paramiko.transport - DEBUG - client mac: hmac-sha1, hmac-md5
2024-12-06 16:46:47 - paramiko.transport - DEBUG - server mac: hmac-sha1, hmac-md5
2024-12-06 16:46:47 - paramiko.transport - DEBUG - client compress: none
2024-12-06 16:46:47 - paramiko.transport - DEBUG - server compress: none
2024-12-06 16:46:47 - paramiko.transport - DEBUG - client lang: <none>
2024-12-06 16:46:47 - paramiko.transport - DEBUG - server lang: <none>
2024-12-06 16:46:47 - paramiko.transport - DEBUG - kex follows: False
2024-12-06 16:46:47 - paramiko.transport - DEBUG - === Key exchange agreements ===
2024-12-06 16:46:47 - paramiko.transport - DEBUG - Kex: diffie-hellman-group-exchange-sha1
2024-12-06 16:46:47 - paramiko.transport - DEBUG - HostKey: ssh-rsa
2024-12-06 16:46:47 - paramiko.transport - DEBUG - Cipher: aes128-cbc
2024-12-06 16:46:47 - paramiko.transport - DEBUG - MAC: hmac-sha1
2024-12-06 16:46:47 - paramiko.transport - DEBUG - Compression: none
2024-12-06 16:46:47 - paramiko.transport - DEBUG - === End of kex handshake ===
2024-12-06 16:46:47 - paramiko.transport - DEBUG - === Key exchange possibilities ===
2024-12-06 16:46:47 - paramiko.transport - DEBUG - kex algos: diffie-hellman-group-exchange-sha1, diffie-hellman-group14-sha1, diffie-hellman-group1-sha1
2024-12-06 16:46:47 - paramiko.transport - DEBUG - server key: ssh-dss, ssh-rsa
2024-12-06 16:46:47 - paramiko.transport - DEBUG - client encrypt: aes128-cbc, aes256-cbc, 3des-cbc, des-cbc
2024-12-06 16:46:47 - paramiko.transport - DEBUG - server encrypt: aes128-cbc, aes256-cbc, 3des-cbc, des-cbc
2024-12-06 16:46:47 - paramiko.transport - DEBUG - client mac: hmac-sha1, hmac-sha1-96, hmac-md5, hmac-md5-96
2024-12-06 16:46:47 - paramiko.transport - DEBUG - server mac: hmac-sha1, hmac-sha1-96, hmac-md5, hmac-md5-96
2024-12-06 16:46:47 - paramiko.transport - DEBUG - client compress: none, zlib, zlib@openssh.com
2024-12-06 16:46:47 - paramiko.transport - DEBUG - server compress: none, zlib, zlib@openssh.com
2024-12-06 16:46:47 - paramiko.transport - DEBUG - client lang: <none>
2024-12-06 16:46:47 - paramiko.transport - DEBUG - server lang: <none>
2024-12-06 16:46:47 - paramiko.transport - DEBUG - kex follows: False
2024-12-06 16:46:47 - paramiko.transport - DEBUG - === Key exchange agreements ===
2024-12-06 16:46:47 - paramiko.transport - DEBUG - Kex: diffie-hellman-group-exchange-sha1
2024-12-06 16:46:47 - paramiko.transport - DEBUG - HostKey: ssh-rsa
2024-12-06 16:46:47 - paramiko.transport - DEBUG - Cipher: aes128-cbc
2024-12-06 16:46:47 - paramiko.transport - DEBUG - MAC: hmac-sha1
2024-12-06 16:46:47 - paramiko.transport - DEBUG - Compression: none
2024-12-06 16:46:47 - paramiko.transport - DEBUG - === End of kex handshake ===
2024-12-06 16:46:47 - paramiko.transport - DEBUG - Got server p (2048 bits)
2024-12-06 16:46:47 - paramiko.transport - DEBUG - Got server p (2049 bits)
2024-12-06 16:46:47 - paramiko.transport - DEBUG - kex engine KexGex specified hash_algo <built-in function openssl_sha1>
2024-12-06 16:46:47 - paramiko.transport - DEBUG - Switch to new keys ...
2024-12-06 16:46:47 - paramiko.transport - DEBUG - Adding ssh-rsa host key for 192.168.100.4: b'3f91fa133d6af3a50925dca9cec6156c'
2024-12-06 16:46:47 - paramiko.transport - DEBUG - userauth is OK
2024-12-06 16:46:48 - paramiko.transport - DEBUG - kex engine KexGex specified hash_algo <built-in function openssl_sha1>
2024-12-06 16:46:48 - paramiko.transport - DEBUG - Switch to new keys ...
2024-12-06 16:46:48 - paramiko.transport - DEBUG - Adding ssh-rsa host key for 192.168.9.59: b'11777982b81b28f8761a57bee94b6b00'
2024-12-06 16:46:48 - paramiko.transport - DEBUG - userauth is OK
2024-12-06 16:46:48 - paramiko.transport - INFO - Authentication (password) failed.
2024-12-06 16:46:48,580 -       nornir -    ERROR - identify_device_type() - Failed to identify device type on AA-01-R3-Cisco-Fsw: Authentication to device failed.

Common causes of this problem are:
1. Invalid username and password
2. Incorrect SSH-key file
3. Connecting to the wrong device

Device settings: cisco_ios 192.168.9.59:22


Authentication failed.
2024-12-06 16:46:48 - paramiko.transport - DEBUG - EOF in transport thread
2024-12-06 16:46:53 - paramiko.transport - INFO - Authentication (password) failed.
2024-12-06 16:46:53,374 -       nornir -    ERROR - identify_device_type() - Failed to identify device type on AA-02-R1-ASW: Authentication to device failed.

Common causes of this problem are:
1. Invalid username and password
2. Incorrect SSH-key file
3. Connecting to the wrong device

Device settings: cisco_ios 192.168.100.4:22


Authentication failed.
2024-12-06 17:14:25,690 -  nornir.core -     INFO -        run() - Running task 'identify_device_type' with args {} on 2 hosts
2024-12-06 17:14:25 - paramiko.transport - DEBUG - starting thread (client mode): 0x37072790
2024-12-06 17:14:25 - paramiko.transport - DEBUG - Local version/idstring: SSH-2.0-paramiko_2.12.0
2024-12-06 17:14:25 - paramiko.transport - DEBUG - starting thread (client mode): 0x3afc2f50
2024-12-06 17:14:25 - paramiko.transport - DEBUG - Local version/idstring: SSH-2.0-paramiko_2.12.0
2024-12-06 17:14:25 - paramiko.transport - DEBUG - Remote version/idstring: SSH-2.0-OpenSSH_5.9p1.RL
2024-12-06 17:14:25 - paramiko.transport - INFO - Connected (version 2.0, client OpenSSH_5.9p1.RL)
2024-12-06 17:14:25 - paramiko.transport - DEBUG - === Key exchange possibilities ===
2024-12-06 17:14:25 - paramiko.transport - DEBUG - kex algos: diffie-hellman-group-exchange-sha1, diffie-hellman-group1-sha1
2024-12-06 17:14:25 - paramiko.transport - DEBUG - server key: ssh-rsa, ssh-dss
2024-12-06 17:14:25 - paramiko.transport - DEBUG - client encrypt: aes128-cbc, 3des-cbc, arcfour, aes192-cbc, aes256-cbc
2024-12-06 17:14:25 - paramiko.transport - DEBUG - server encrypt: aes128-cbc, 3des-cbc, arcfour, aes192-cbc, aes256-cbc
2024-12-06 17:14:25 - paramiko.transport - DEBUG - client mac: hmac-sha1, hmac-md5
2024-12-06 17:14:25 - paramiko.transport - DEBUG - server mac: hmac-sha1, hmac-md5
2024-12-06 17:14:25 - paramiko.transport - DEBUG - client compress: none
2024-12-06 17:14:25 - paramiko.transport - DEBUG - server compress: none
2024-12-06 17:14:25 - paramiko.transport - DEBUG - client lang: <none>
2024-12-06 17:14:25 - paramiko.transport - DEBUG - server lang: <none>
2024-12-06 17:14:25 - paramiko.transport - DEBUG - kex follows: False
2024-12-06 17:14:25 - paramiko.transport - DEBUG - === Key exchange agreements ===
2024-12-06 17:14:25 - paramiko.transport - DEBUG - Kex: diffie-hellman-group-exchange-sha1
2024-12-06 17:14:25 - paramiko.transport - DEBUG - HostKey: ssh-rsa
2024-12-06 17:14:25 - paramiko.transport - DEBUG - Cipher: aes128-cbc
2024-12-06 17:14:25 - paramiko.transport - DEBUG - MAC: hmac-sha1
2024-12-06 17:14:25 - paramiko.transport - DEBUG - Compression: none
2024-12-06 17:14:25 - paramiko.transport - DEBUG - === End of kex handshake ===
2024-12-06 17:14:25 - paramiko.transport - DEBUG - Remote version/idstring: SSH-1.99-Comware-7.1.045
2024-12-06 17:14:25 - paramiko.transport - INFO - Connected (version 1.99, client Comware-7.1.045)
2024-12-06 17:14:25 - paramiko.transport - DEBUG - === Key exchange possibilities ===
2024-12-06 17:14:25 - paramiko.transport - DEBUG - kex algos: diffie-hellman-group-exchange-sha1, diffie-hellman-group14-sha1, diffie-hellman-group1-sha1
2024-12-06 17:14:25 - paramiko.transport - DEBUG - server key: ssh-dss, ssh-rsa
2024-12-06 17:14:25 - paramiko.transport - DEBUG - client encrypt: aes128-cbc, aes256-cbc, 3des-cbc, des-cbc
2024-12-06 17:14:25 - paramiko.transport - DEBUG - server encrypt: aes128-cbc, aes256-cbc, 3des-cbc, des-cbc
2024-12-06 17:14:25 - paramiko.transport - DEBUG - client mac: hmac-sha1, hmac-sha1-96, hmac-md5, hmac-md5-96
2024-12-06 17:14:25 - paramiko.transport - DEBUG - server mac: hmac-sha1, hmac-sha1-96, hmac-md5, hmac-md5-96
2024-12-06 17:14:25 - paramiko.transport - DEBUG - client compress: none, zlib, zlib@openssh.com
2024-12-06 17:14:25 - paramiko.transport - DEBUG - server compress: none, zlib, zlib@openssh.com
2024-12-06 17:14:25 - paramiko.transport - DEBUG - client lang: <none>
2024-12-06 17:14:25 - paramiko.transport - DEBUG - server lang: <none>
2024-12-06 17:14:25 - paramiko.transport - DEBUG - kex follows: False
2024-12-06 17:14:25 - paramiko.transport - DEBUG - === Key exchange agreements ===
2024-12-06 17:14:25 - paramiko.transport - DEBUG - Kex: diffie-hellman-group-exchange-sha1
2024-12-06 17:14:25 - paramiko.transport - DEBUG - HostKey: ssh-rsa
2024-12-06 17:14:25 - paramiko.transport - DEBUG - Cipher: aes128-cbc
2024-12-06 17:14:25 - paramiko.transport - DEBUG - MAC: hmac-sha1
2024-12-06 17:14:25 - paramiko.transport - DEBUG - Compression: none
2024-12-06 17:14:25 - paramiko.transport - DEBUG - === End of kex handshake ===
2024-12-06 17:14:25 - paramiko.transport - DEBUG - Got server p (2048 bits)
2024-12-06 17:14:25 - paramiko.transport - DEBUG - Got server p (2049 bits)
2024-12-06 17:14:25 - paramiko.transport - DEBUG - kex engine KexGex specified hash_algo <built-in function openssl_sha1>
2024-12-06 17:14:25 - paramiko.transport - DEBUG - Switch to new keys ...
2024-12-06 17:14:25 - paramiko.transport - DEBUG - Adding ssh-rsa host key for 192.168.100.4: b'3f91fa133d6af3a50925dca9cec6156c'
2024-12-06 17:14:25 - paramiko.transport - DEBUG - userauth is OK
2024-12-06 17:14:26 - paramiko.transport - DEBUG - kex engine KexGex specified hash_algo <built-in function openssl_sha1>
2024-12-06 17:14:26 - paramiko.transport - DEBUG - Switch to new keys ...
2024-12-06 17:14:26 - paramiko.transport - DEBUG - Adding ssh-rsa host key for 192.168.9.59: b'11777982b81b28f8761a57bee94b6b00'
2024-12-06 17:14:27 - paramiko.transport - DEBUG - userauth is OK
2024-12-06 17:14:27 - paramiko.transport - INFO - Authentication (password) failed.
2024-12-06 17:14:27,197 -       nornir -    ERROR - identify_device_type() - Failed to identify device type on AA-01-R3-Cisco-Fsw: Authentication to device failed.

Common causes of this problem are:
1. Invalid username and password
2. Incorrect SSH-key file
3. Connecting to the wrong device

Device settings: cisco_ios 192.168.9.59:22


Authentication failed.
2024-12-06 17:14:27 - paramiko.transport - DEBUG - EOF in transport thread
2024-12-06 17:14:31 - paramiko.transport - INFO - Authentication (password) failed.
2024-12-06 17:14:31,949 -       nornir -    ERROR - identify_device_type() - Failed to identify device type on AA-02-R1-ASW: Authentication to device failed.

Common causes of this problem are:
1. Invalid username and password
2. Incorrect SSH-key file
3. Connecting to the wrong device

Device settings: cisco_ios 192.168.100.4:22


Authentication failed.
2024-12-06 17:16:23,884 -  nornir.core -     INFO -        run() - Running task 'identify_device_type' with args {} on 2 hosts
2024-12-06 17:16:23 - paramiko.transport - DEBUG - starting thread (client mode): 0x6d32e050
2024-12-06 17:16:23 - paramiko.transport - DEBUG - Local version/idstring: SSH-2.0-paramiko_2.12.0
2024-12-06 17:16:23 - paramiko.transport - DEBUG - starting thread (client mode): 0x6d300750
2024-12-06 17:16:23 - paramiko.transport - DEBUG - Local version/idstring: SSH-2.0-paramiko_2.12.0
2024-12-06 17:16:23 - paramiko.transport - DEBUG - Remote version/idstring: SSH-2.0-OpenSSH_5.9p1.RL
2024-12-06 17:16:23 - paramiko.transport - INFO - Connected (version 2.0, client OpenSSH_5.9p1.RL)
2024-12-06 17:16:23 - paramiko.transport - DEBUG - Remote version/idstring: SSH-1.99-Comware-7.1.045
2024-12-06 17:16:23 - paramiko.transport - INFO - Connected (version 1.99, client Comware-7.1.045)
2024-12-06 17:16:23 - paramiko.transport - DEBUG - === Key exchange possibilities ===
2024-12-06 17:16:23 - paramiko.transport - DEBUG - kex algos: diffie-hellman-group-exchange-sha1, diffie-hellman-group1-sha1
2024-12-06 17:16:23 - paramiko.transport - DEBUG - server key: ssh-rsa, ssh-dss
2024-12-06 17:16:23 - paramiko.transport - DEBUG - client encrypt: aes128-cbc, 3des-cbc, arcfour, aes192-cbc, aes256-cbc
2024-12-06 17:16:23 - paramiko.transport - DEBUG - server encrypt: aes128-cbc, 3des-cbc, arcfour, aes192-cbc, aes256-cbc
2024-12-06 17:16:23 - paramiko.transport - DEBUG - client mac: hmac-sha1, hmac-md5
2024-12-06 17:16:23 - paramiko.transport - DEBUG - server mac: hmac-sha1, hmac-md5
2024-12-06 17:16:23 - paramiko.transport - DEBUG - client compress: none
2024-12-06 17:16:23 - paramiko.transport - DEBUG - server compress: none
2024-12-06 17:16:23 - paramiko.transport - DEBUG - client lang: <none>
2024-12-06 17:16:23 - paramiko.transport - DEBUG - server lang: <none>
2024-12-06 17:16:23 - paramiko.transport - DEBUG - kex follows: False
2024-12-06 17:16:23 - paramiko.transport - DEBUG - === Key exchange agreements ===
2024-12-06 17:16:23 - paramiko.transport - DEBUG - Kex: diffie-hellman-group-exchange-sha1
2024-12-06 17:16:23 - paramiko.transport - DEBUG - HostKey: ssh-rsa
2024-12-06 17:16:23 - paramiko.transport - DEBUG - Cipher: aes128-cbc
2024-12-06 17:16:23 - paramiko.transport - DEBUG - MAC: hmac-sha1
2024-12-06 17:16:23 - paramiko.transport - DEBUG - Compression: none
2024-12-06 17:16:23 - paramiko.transport - DEBUG - === End of kex handshake ===
2024-12-06 17:16:23 - paramiko.transport - DEBUG - === Key exchange possibilities ===
2024-12-06 17:16:23 - paramiko.transport - DEBUG - kex algos: diffie-hellman-group-exchange-sha1, diffie-hellman-group14-sha1, diffie-hellman-group1-sha1
2024-12-06 17:16:23 - paramiko.transport - DEBUG - server key: ssh-dss, ssh-rsa
2024-12-06 17:16:23 - paramiko.transport - DEBUG - client encrypt: aes128-cbc, aes256-cbc, 3des-cbc, des-cbc
2024-12-06 17:16:23 - paramiko.transport - DEBUG - server encrypt: aes128-cbc, aes256-cbc, 3des-cbc, des-cbc
2024-12-06 17:16:23 - paramiko.transport - DEBUG - client mac: hmac-sha1, hmac-sha1-96, hmac-md5, hmac-md5-96
2024-12-06 17:16:23 - paramiko.transport - DEBUG - server mac: hmac-sha1, hmac-sha1-96, hmac-md5, hmac-md5-96
2024-12-06 17:16:23 - paramiko.transport - DEBUG - client compress: none, zlib, zlib@openssh.com
2024-12-06 17:16:23 - paramiko.transport - DEBUG - server compress: none, zlib, zlib@openssh.com
2024-12-06 17:16:23 - paramiko.transport - DEBUG - client lang: <none>
2024-12-06 17:16:23 - paramiko.transport - DEBUG - server lang: <none>
2024-12-06 17:16:23 - paramiko.transport - DEBUG - kex follows: False
2024-12-06 17:16:23 - paramiko.transport - DEBUG - === Key exchange agreements ===
2024-12-06 17:16:23 - paramiko.transport - DEBUG - Kex: diffie-hellman-group-exchange-sha1
2024-12-06 17:16:23 - paramiko.transport - DEBUG - HostKey: ssh-rsa
2024-12-06 17:16:23 - paramiko.transport - DEBUG - Cipher: aes128-cbc
2024-12-06 17:16:23 - paramiko.transport - DEBUG - MAC: hmac-sha1
2024-12-06 17:16:23 - paramiko.transport - DEBUG - Compression: none
2024-12-06 17:16:23 - paramiko.transport - DEBUG - === End of kex handshake ===
2024-12-06 17:16:23 - paramiko.transport - DEBUG - Got server p (2048 bits)
2024-12-06 17:16:23 - paramiko.transport - DEBUG - Got server p (2049 bits)
2024-12-06 17:16:24 - paramiko.transport - DEBUG - kex engine KexGex specified hash_algo <built-in function openssl_sha1>
2024-12-06 17:16:24 - paramiko.transport - DEBUG - Switch to new keys ...
2024-12-06 17:16:24 - paramiko.transport - DEBUG - Adding ssh-rsa host key for 192.168.100.4: b'3f91fa133d6af3a50925dca9cec6156c'
2024-12-06 17:16:24 - paramiko.transport - DEBUG - userauth is OK
2024-12-06 17:16:24 - paramiko.transport - INFO - Authentication (password) failed.
2024-12-06 17:16:24,202 -       nornir -    ERROR - identify_device_type() - Failed to identify device type on AA-02-R1-ASW: Authentication to device failed.

Common causes of this problem are:
1. Invalid username and password
2. Incorrect SSH-key file
3. Connecting to the wrong device

Device settings: cisco_ios 192.168.100.4:22


Authentication failed.
2024-12-06 17:16:24 - paramiko.transport - DEBUG - EOF in transport thread
2024-12-06 17:16:24 - paramiko.transport - DEBUG - kex engine KexGex specified hash_algo <built-in function openssl_sha1>
2024-12-06 17:16:24 - paramiko.transport - DEBUG - Switch to new keys ...
2024-12-06 17:16:24 - paramiko.transport - DEBUG - Adding ssh-rsa host key for 192.168.9.59: b'11777982b81b28f8761a57bee94b6b00'
2024-12-06 17:16:24 - paramiko.transport - DEBUG - userauth is OK
2024-12-06 17:16:24 - paramiko.transport - INFO - Authentication (password) failed.
2024-12-06 17:16:24,931 -       nornir -    ERROR - identify_device_type() - Failed to identify device type on AA-01-R3-Cisco-Fsw: Authentication to device failed.

Common causes of this problem are:
1. Invalid username and password
2. Incorrect SSH-key file
3. Connecting to the wrong device

Device settings: cisco_ios 192.168.9.59:22


Authentication failed.
